<?xml version="1.0" encoding="UTF-8"?>
<testsuite xmlns:xsi="http://www.w3.org/2001/XMLSchema-instance" xsi:noNamespaceSchemaLocation="https://maven.apache.org/surefire/maven-surefire-plugin/xsd/surefire-test-report-3.0.xsd" version="3.0" name="com.bank.BankService.repository.AccountRepositoryTest" time="5.098" tests="5" errors="0" skipped="0" failures="0">
  <properties>
[...]
</properties>
  <testcase name="checkFetchAllAccounts" classname="com.bank.BankService.repository.AccountRepositoryTest" time="1.591">
    <system-out><![CDATA[06:22:51.349 [main] INFO org.springframework.test.context.support.AnnotationConfigContextLoaderUtils -- Could not detect default configuration classes for test class [com.bank.BankService.repository.AccountRepositoryTest]: AccountRepositoryTest does not declare any static, non-private, non-final, nested classes annotated with @Configuration.
06:22:51.555 [main] INFO org.springframework.boot.test.context.SpringBootTestContextBootstrapper -- Found @SpringBootConfiguration com.bank.BankService.BankServiceApplication for test class com.bank.BankService.repository.AccountRepositoryTest

  .   ____          _            __ _ _
 /\\ / ___'_ __ _ _(_)_ __  __ _ \ \ \ \
( ( )\___ | '_ | '_| | '_ \/ _` | \ \ \ \
 \\/  ___)| |_)| | | | | || (_| |  ) ) ) )
  '  |____| .__|_| |_|_| |_\__, | / / / /
 =========|_|==============|___/=/_/_/_/
 :: Spring Boot ::                (v3.2.1)

2024-01-16T06:22:52.088Z  INFO 26505 --- [           main] c.b.B.repository.AccountRepositoryTest   : Starting AccountRepositoryTest using Java 17.0.9 with PID 26505 (started by ubuntu in /home/ubuntu/CAPSTONEPROJECT/finalcapstoneproject/BankService)
2024-01-16T06:22:52.090Z  INFO 26505 --- [           main] c.b.B.repository.AccountRepositoryTest   : No active profile set, falling back to 1 default profile: "default"
2024-01-16T06:22:52.817Z  INFO 26505 --- [           main] .s.d.r.c.RepositoryConfigurationDelegate : Bootstrapping Spring Data MongoDB repositories in DEFAULT mode.
2024-01-16T06:22:52.920Z  INFO 26505 --- [           main] .s.d.r.c.RepositoryConfigurationDelegate : Finished Spring Data repository scanning in 96 ms. Found 1 MongoDB repository interface.
2024-01-16T06:22:53.498Z  INFO 26505 --- [           main] org.mongodb.driver.client                : MongoClient with metadata {"driver": {"name": "mongo-java-driver|sync|spring-boot", "version": "4.11.1"}, "os": {"type": "Linux", "name": "Linux", "architecture": "amd64", "version": "5.15.0-1028-aws"}, "platform": "Java/Amazon.com Inc./17.0.9+8-LTS"} created with settings MongoClientSettings{readPreference=primary, writeConcern=WriteConcern{w=null, wTimeout=null ms, journal=null}, retryWrites=true, retryReads=true, readConcern=ReadConcern{level=null}, credential=null, transportSettings=null, streamFactoryFactory=null, commandListeners=[], codecRegistry=ProvidersCodecRegistry{codecProviders=[ValueCodecProvider{}, BsonValueCodecProvider{}, DBRefCodecProvider{}, DBObjectCodecProvider{}, DocumentCodecProvider{}, CollectionCodecProvider{}, IterableCodecProvider{}, MapCodecProvider{}, GeoJsonCodecProvider{}, GridFSFileCodecProvider{}, Jsr310CodecProvider{}, JsonObjectCodecProvider{}, BsonCodecProvider{}, EnumCodecProvider{}, com.mongodb.client.model.mql.ExpressionCodecProvider@6ed16657, com.mongodb.Jep395RecordCodecProvider@1442f788, com.mongodb.KotlinCodecProvider@113e13f9]}, loggerSettings=LoggerSettings{maxDocumentLength=1000}, clusterSettings={hosts=[localhost:27017], srvServiceName=mongodb, mode=SINGLE, requiredClusterType=UNKNOWN, requiredReplicaSetName='null', serverSelector='null', clusterListeners='[]', serverSelectionTimeout='30000 ms', localThreshold='15 ms'}, socketSettings=SocketSettings{connectTimeoutMS=10000, readTimeoutMS=0, receiveBufferSize=0, proxySettings=ProxySettings{host=null, port=null, username=null, password=null}}, heartbeatSocketSettings=SocketSettings{connectTimeoutMS=10000, readTimeoutMS=10000, receiveBufferSize=0, proxySettings=ProxySettings{host=null, port=null, username=null, password=null}}, connectionPoolSettings=ConnectionPoolSettings{maxSize=100, minSize=0, maxWaitTimeMS=120000, maxConnectionLifeTimeMS=0, maxConnectionIdleTimeMS=0, maintenanceInitialDelayMS=0, maintenanceFrequencyMS=60000, connectionPoolListeners=[], maxConnecting=2}, serverSettings=ServerSettings{heartbeatFrequencyMS=10000, minHeartbeatFrequencyMS=500, serverListeners='[]', serverMonitorListeners='[]'}, sslSettings=SslSettings{enabled=false, invalidHostNameAllowed=false, context=null}, applicationName='null', compressorList=[], uuidRepresentation=JAVA_LEGACY, serverApi=null, autoEncryptionSettings=null, dnsClient=null, inetAddressResolver=null, contextProvider=null}
2024-01-16T06:22:53.524Z  INFO 26505 --- [localhost:27017] org.mongodb.driver.cluster               : Monitor thread successfully connected to server with description ServerDescription{address=localhost:27017, type=STANDALONE, state=CONNECTED, ok=true, minWireVersion=0, maxWireVersion=17, maxDocumentSize=16777216, logicalSessionTimeoutMinutes=30, roundTripTimeNanos=61534813}
2024-01-16T06:22:54.345Z  INFO 26505 --- [           main] c.b.B.repository.AccountRepositoryTest   : Started AccountRepositoryTest in 2.669 seconds (process running for 4.445)
]]></system-out>
  </testcase>
  <testcase name="checkFetchAllAccountOfCustomer" classname="com.bank.BankService.repository.AccountRepositoryTest" time="0.048"/>
  <testcase name="checkSuccessfulDeletion" classname="com.bank.BankService.repository.AccountRepositoryTest" time="0.023"/>
  <testcase name="checkSuccessfulAccountCreation" classname="com.bank.BankService.repository.AccountRepositoryTest" time="0.019"/>
  <testcase name="checkFetchCustomerAccount" classname="com.bank.BankService.repository.AccountRepositoryTest" time="0.018"/>
</testsuite>